[ 2017-11-22T14:05:04+08:00 ] 127.0.0.1 /TP3-with-LTE/admin.php
INFO: [ app_init ] --START--
INFO: Run Behavior\BuildLiteBehavior [ RunTime:0.000000s ]
INFO: [ app_init ] --END-- [ RunTime:0.002001s ]
INFO: [ app_begin ] --START--
INFO: Run Behavior\ReadHtmlCacheBehavior [ RunTime:0.003000s ]
INFO: [ app_begin ] --END-- [ RunTime:0.003000s ]
INFO: [ view_parse ] --START--
INFO: [ template_filter ] --START--
INFO: Run Behavior\ContentReplaceBehavior [ RunTime:0.000000s ]
INFO: [ template_filter ] --END-- [ RunTime:0.000000s ]
INFO: Run Behavior\ParseTemplateBehavior [ RunTime:0.046003s ]
INFO: [ view_parse ] --END-- [ RunTime:0.046003s ]
INFO: [ view_filter ] --START--
INFO: Run Behavior\WriteHtmlCacheBehavior [ RunTime:0.007000s ]
INFO: [ view_filter ] --END-- [ RunTime:0.007000s ]
INFO: [ app_end ] --START--
INFO: Run Behavior\ShowPageTraceBehavior [ RunTime:0.031002s ]
INFO: [ app_end ] --END-- [ RunTime:0.031002s ]

[ 2017-11-22T14:05:05+08:00 ] 127.0.0.1 /TP3-with-LTE/admin.php/Index/getDTInfo.html
INFO: [ app_init ] --START--
INFO: Run Behavior\BuildLiteBehavior [ RunTime:0.000000s ]
INFO: [ app_init ] --END-- [ RunTime:0.001000s ]
INFO: [ app_begin ] --START--
INFO: Run Behavior\ReadHtmlCacheBehavior [ RunTime:0.002000s ]
INFO: [ app_begin ] --END-- [ RunTime:0.002000s ]
SQL: SHOW COLUMNS FROM `demo` [ RunTime:0.0290s ]
SQL: SELECT COUNT(*) AS tp_count FROM `demo` WHERE `status` = 1 LIMIT 1   [ RunTime:0.0000s ]
SQL: SELECT COUNT(*) AS tp_count FROM `demo` WHERE `status` = 1 LIMIT 1   [ RunTime:0.0010s ]
NOTIC: [8] Uninitialized string offset: 0 C:\xampp\htdocs\TP3-with-LTE\Application\Admin\Controller\IndexController.class.php 第 35 行.
NOTIC: [2] Illegal string offset 'column' C:\xampp\htdocs\TP3-with-LTE\Application\Admin\Controller\IndexController.class.php 第 36 行.
NOTIC: [8] Uninitialized string offset: 0 C:\xampp\htdocs\TP3-with-LTE\Application\Admin\Controller\IndexController.class.php 第 36 行.
NOTIC: [2] Illegal string offset 'dir' C:\xampp\htdocs\TP3-with-LTE\Application\Admin\Controller\IndexController.class.php 第 37 行.
NOTIC: [8] Uninitialized string offset: 0 C:\xampp\htdocs\TP3-with-LTE\Application\Admin\Controller\IndexController.class.php 第 37 行.
SQL: SELECT * FROM `demo` WHERE `status` = 1 LIMIT 0,10   [ RunTime:0.0000s ]
INFO: [ app_end ] --START--
INFO: Run Behavior\ShowPageTraceBehavior [ RunTime:0.002000s ]
INFO: [ app_end ] --END-- [ RunTime:0.002000s ]

[ 2017-11-22T16:08:24+08:00 ] 127.0.0.1 /TP3-with-LTE/admin.php
INFO: [ app_init ] --START--
INFO: Run Behavior\BuildLiteBehavior [ RunTime:0.000000s ]
INFO: [ app_init ] --END-- [ RunTime:0.001000s ]
INFO: [ app_begin ] --START--
INFO: Run Behavior\ReadHtmlCacheBehavior [ RunTime:0.002000s ]
INFO: [ app_begin ] --END-- [ RunTime:0.002000s ]
INFO: [ view_parse ] --START--
INFO: [ template_filter ] --START--
INFO: Run Behavior\ContentReplaceBehavior [ RunTime:0.000000s ]
INFO: [ template_filter ] --END-- [ RunTime:0.001000s ]
INFO: Run Behavior\ParseTemplateBehavior [ RunTime:0.042002s ]
INFO: [ view_parse ] --END-- [ RunTime:0.042002s ]
INFO: [ view_filter ] --START--
INFO: Run Behavior\WriteHtmlCacheBehavior [ RunTime:0.016001s ]
INFO: [ view_filter ] --END-- [ RunTime:0.016001s ]
INFO: [ app_end ] --START--
INFO: Run Behavior\ShowPageTraceBehavior [ RunTime:0.033002s ]
INFO: [ app_end ] --END-- [ RunTime:0.034002s ]

[ 2017-11-22T16:08:26+08:00 ] 127.0.0.1 /TP3-with-LTE/admin.php/Index/getDTInfo.html
INFO: [ app_init ] --START--
INFO: Run Behavior\BuildLiteBehavior [ RunTime:0.000000s ]
INFO: [ app_init ] --END-- [ RunTime:0.001000s ]
INFO: [ app_begin ] --START--
INFO: Run Behavior\ReadHtmlCacheBehavior [ RunTime:0.003000s ]
INFO: [ app_begin ] --END-- [ RunTime:0.003000s ]
SQL: SHOW COLUMNS FROM `demo` [ RunTime:0.0270s ]
SQL: SELECT COUNT(*) AS tp_count FROM `demo` WHERE `status` = 1 LIMIT 1   [ RunTime:0.0050s ]
SQL: SELECT COUNT(*) AS tp_count FROM `demo` WHERE `status` = 1 LIMIT 1   [ RunTime:0.0000s ]
NOTIC: [8] Uninitialized string offset: 0 C:\xampp\htdocs\TP3-with-LTE\Application\Admin\Controller\IndexController.class.php 第 35 行.
NOTIC: [2] Illegal string offset 'column' C:\xampp\htdocs\TP3-with-LTE\Application\Admin\Controller\IndexController.class.php 第 36 行.
NOTIC: [8] Uninitialized string offset: 0 C:\xampp\htdocs\TP3-with-LTE\Application\Admin\Controller\IndexController.class.php 第 36 行.
NOTIC: [2] Illegal string offset 'dir' C:\xampp\htdocs\TP3-with-LTE\Application\Admin\Controller\IndexController.class.php 第 37 行.
NOTIC: [8] Uninitialized string offset: 0 C:\xampp\htdocs\TP3-with-LTE\Application\Admin\Controller\IndexController.class.php 第 37 行.
SQL: SELECT * FROM `demo` WHERE `status` = 1 LIMIT 0,10   [ RunTime:0.0010s ]
INFO: [ app_end ] --START--
INFO: Run Behavior\ShowPageTraceBehavior [ RunTime:0.010001s ]
INFO: [ app_end ] --END-- [ RunTime:0.010001s ]

[ 2017-11-22T16:08:40+08:00 ] 127.0.0.1 /TP3-with-LTE/admin.php/Index/addSome.html
INFO: [ app_init ] --START--
INFO: Run Behavior\BuildLiteBehavior [ RunTime:0.000000s ]
INFO: [ app_init ] --END-- [ RunTime:0.000000s ]
INFO: [ app_begin ] --START--
INFO: Run Behavior\ReadHtmlCacheBehavior [ RunTime:0.001000s ]
INFO: [ app_begin ] --END-- [ RunTime:0.001000s ]
SQL: SHOW COLUMNS FROM `demo` [ RunTime:0.0040s ]
NOTIC: [8] Undefined index: validate C:\xampp\htdocs\TP3-with-LTE\ThinkPHP\Library\Think\Model.class.php 第 1185 行.
NOTIC: [8] Undefined index: auto C:\xampp\htdocs\TP3-with-LTE\ThinkPHP\Library\Think\Model.class.php 第 1128 行.
SQL: INSERT INTO `demo` (`name`,`type_id`,`auth`,`status`,`content`,`id`) VALUES ('f','0','1','1','f','0') [ RunTime:0.7410s ]

[ 2017-11-22T16:08:41+08:00 ] 127.0.0.1 /TP3-with-LTE/admin.php/Index/getDTInfo.html
INFO: [ app_init ] --START--
INFO: Run Behavior\BuildLiteBehavior [ RunTime:0.000000s ]
INFO: [ app_init ] --END-- [ RunTime:0.001000s ]
INFO: [ app_begin ] --START--
INFO: Run Behavior\ReadHtmlCacheBehavior [ RunTime:0.001000s ]
INFO: [ app_begin ] --END-- [ RunTime:0.001000s ]
SQL: SHOW COLUMNS FROM `demo` [ RunTime:0.0040s ]
SQL: SELECT COUNT(*) AS tp_count FROM `demo` WHERE `status` = 1 LIMIT 1   [ RunTime:0.0000s ]
SQL: SELECT COUNT(*) AS tp_count FROM `demo` WHERE `status` = 1 LIMIT 1   [ RunTime:0.0010s ]
NOTIC: [8] Uninitialized string offset: 0 C:\xampp\htdocs\TP3-with-LTE\Application\Admin\Controller\IndexController.class.php 第 35 行.
NOTIC: [2] Illegal string offset 'column' C:\xampp\htdocs\TP3-with-LTE\Application\Admin\Controller\IndexController.class.php 第 36 行.
NOTIC: [8] Uninitialized string offset: 0 C:\xampp\htdocs\TP3-with-LTE\Application\Admin\Controller\IndexController.class.php 第 36 行.
NOTIC: [2] Illegal string offset 'dir' C:\xampp\htdocs\TP3-with-LTE\Application\Admin\Controller\IndexController.class.php 第 37 行.
NOTIC: [8] Uninitialized string offset: 0 C:\xampp\htdocs\TP3-with-LTE\Application\Admin\Controller\IndexController.class.php 第 37 行.
SQL: SELECT * FROM `demo` WHERE `status` = 1 LIMIT 0,10   [ RunTime:0.0010s ]
INFO: [ app_end ] --START--
INFO: Run Behavior\ShowPageTraceBehavior [ RunTime:0.001000s ]
INFO: [ app_end ] --END-- [ RunTime:0.001000s ]

